<?xml version="1.0" encoding="UTF-8"?>
<testsuite xmlns:xsi="http://www.w3.org/2001/XMLSchema-instance" xsi:schemaLocation="https://maven.apache.org/surefire/maven-surefire-plugin/xsd/surefire-test-report.xsd" name="waterAreaTest" time="0" tests="2" errors="0" skipped="0" failures="2">
  <properties>
[...]
</properties>
  <testcase name="waterAreaTest.testIfNotInWaterArea" classname="waterAreaTest" time="0">
    <failure type="java.lang.NullPointerException">java.lang.NullPointerException
	at waterAreaTest.testIfNotInWaterArea(waterAreaTest.java:42)
</failure>
  </testcase>
  <testcase name="waterAreaTest.testIfInWaterArea" classname="waterAreaTest" time="0">
    <failure type="java.lang.NullPointerException">java.lang.NullPointerException
	at waterAreaTest.testIfInWaterArea(waterAreaTest.java:29)
</failure>
  </testcase>
</testsuite>